<?xml version="1.0" encoding="UTF-8"?>
<!-- Generated by org.testng.reporters.JUnitReportReporter -->
<testsuite skipped="0" hostname="Ruslans-MBP.fios-router.home" name="com.insightly.qa.testcases.LoginPageTest" tests="3" failures="0" timestamp="28 Feb 2020 17:49:35 GMT" time="7.468" errors="0">
  <testcase name="loginPageTitleTest" time="1.608" classname="com.insightly.qa.testcases.LoginPageTest"/>
  <testcase name="insightlyLogoTest" time="1.640" classname="com.insightly.qa.testcases.LoginPageTest"/>
  <testcase name="loginTest" time="4.220" classname="com.insightly.qa.testcases.LoginPageTest"/>
</testsuite> <!-- com.insightly.qa.testcases.LoginPageTest -->
