<?xml version="1.0" encoding="UTF-8"?>
<!-- Generated by org.testng.reporters.JUnitReportReporter -->
<testsuite skipped="0" hostname="Ruslans-MBP.fios-router.home" name="com.insightly.qa.testcases.HomePageTest" tests="5" failures="0" timestamp="29 Feb 2020 00:18:50 GMT" time="24.962" errors="0">
  <testcase name="validateHomePageTitleTest" time="4.311" classname="com.insightly.qa.testcases.HomePageTest"/>
  <testcase name="validateUserMenuTest" time="5.290" classname="com.insightly.qa.testcases.HomePageTest"/>
  <testcase name="validateClickOnTasksLinkTest" time="5.502" classname="com.insightly.qa.testcases.HomePageTest"/>
  <testcase name="validateClickOnContactsLinkTest" time="5.632" classname="com.insightly.qa.testcases.HomePageTest"/>
  <testcase name="validateTotalSalesRepsTest" time="4.227" classname="com.insightly.qa.testcases.HomePageTest"/>
</testsuite> <!-- com.insightly.qa.testcases.HomePageTest -->
