<?xml version="1.0" encoding="UTF-8"?>
<!-- Generated by org.testng.reporters.JUnitReportReporter -->
<testsuite skipped="0" hostname="Ruslans-MBP.fios-router.home" name="com.insightly.qa.testcases.ContactsPageTest" tests="5" failures="0" timestamp="28 Feb 2020 17:49:35 GMT" time="64.194" errors="0">
  <testcase name="validateContactsPageTitleTest" time="12.253" classname="com.insightly.qa.testcases.ContactsPageTest"/>
  <testcase name="validateContactsText" time="8.579" classname="com.insightly.qa.testcases.ContactsPageTest"/>
  <testcase name="createNewContactsTest" time="10.817" classname="com.insightly.qa.testcases.ContactsPageTest"/>
  <testcase name="createNewContactsTest" time="21.324" classname="com.insightly.qa.testcases.ContactsPageTest"/>
  <testcase name="createNewContactsTest" time="11.221" classname="com.insightly.qa.testcases.ContactsPageTest"/>
</testsuite> <!-- com.insightly.qa.testcases.ContactsPageTest -->
