<?xml version="1.0" encoding="UTF-8"?>
<!-- Generated by org.testng.reporters.JUnitReportReporter -->
<testsuite skipped="0" hostname="Ruslans-MBP.fios-router.home" name="com.insightly.qa.testcases.HomePageTest" tests="5" failures="0" timestamp="28 Feb 2020 17:49:35 GMT" time="27.270" errors="0">
  <testcase name="validateHomePageTitleTest" time="4.215" classname="com.insightly.qa.testcases.HomePageTest"/>
  <testcase name="validateUserMenuTest" time="4.488" classname="com.insightly.qa.testcases.HomePageTest"/>
  <testcase name="validateClickOnTasksLinkTest" time="9.808" classname="com.insightly.qa.testcases.HomePageTest"/>
  <testcase name="validateClickOnContactsLinkTest" time="4.479" classname="com.insightly.qa.testcases.HomePageTest"/>
  <testcase name="validateTotalSalesRepsTest" time="4.280" classname="com.insightly.qa.testcases.HomePageTest"/>
</testsuite> <!-- com.insightly.qa.testcases.HomePageTest -->
