<?xml version="1.0" encoding="UTF-8"?>
<!-- Generated by org.testng.reporters.JUnitReportReporter -->
<testsuite skipped="0" hostname="Ruslans-MBP.fios-router.home" name="com.insightly.qa.testcases.ContactsPageTest" tests="5" failures="0" timestamp="28 Feb 2020 23:11:32 GMT" time="48.945" errors="0">
  <testcase name="validateContactsPageTitleTest" time="7.402" classname="com.insightly.qa.testcases.ContactsPageTest"/>
  <testcase name="validateContactsText" time="7.503" classname="com.insightly.qa.testcases.ContactsPageTest"/>
  <testcase name="createNewContactsTest" time="10.993" classname="com.insightly.qa.testcases.ContactsPageTest"/>
  <testcase name="createNewContactsTest" time="12.058" classname="com.insightly.qa.testcases.ContactsPageTest"/>
  <testcase name="createNewContactsTest" time="10.989" classname="com.insightly.qa.testcases.ContactsPageTest"/>
</testsuite> <!-- com.insightly.qa.testcases.ContactsPageTest -->
