<?xml version="1.0" encoding="UTF-8"?>
<!-- Generated by org.testng.reporters.JUnitReportReporter -->
<testsuite skipped="0" hostname="Ruslans-MBP.fios-router.home" name="com.insightly.qa.testcases.LoginPageTest" tests="3" failures="0" timestamp="29 Feb 2020 00:30:45 GMT" time="8.725" errors="0">
  <testcase name="loginPageTitleTest" time="1.635" classname="com.insightly.qa.testcases.LoginPageTest"/>
  <testcase name="insightlyLogoTest" time="1.660" classname="com.insightly.qa.testcases.LoginPageTest"/>
  <testcase name="loginTest" time="5.430" classname="com.insightly.qa.testcases.LoginPageTest"/>
</testsuite> <!-- com.insightly.qa.testcases.LoginPageTest -->
